[debug] [2020-04-04T19:17:00.937Z] ----------------------------------------------------------------------
[debug] [2020-04-04T19:17:00.938Z] Command:       /usr/local/bin/node /usr/local/bin/firebase serve
[debug] [2020-04-04T19:17:00.939Z] CLI Version:   8.0.1
[debug] [2020-04-04T19:17:00.939Z] Platform:      darwin
[debug] [2020-04-04T19:17:00.939Z] Node Version:  v10.15.3
[debug] [2020-04-04T19:17:00.940Z] Time:          Sun Apr 05 2020 02:17:00 GMT+0700 (Indochina Time)
[debug] [2020-04-04T19:17:00.940Z] ----------------------------------------------------------------------
[debug] [2020-04-04T19:17:00.940Z] 
[debug] [2020-04-04T19:17:00.951Z] > command requires scopes: ["email","openid","https://www.googleapis.com/auth/cloudplatformprojects.readonly","https://www.googleapis.com/auth/firebase","https://www.googleapis.com/auth/cloud-platform"]
[debug] [2020-04-04T19:17:00.951Z] > authorizing via signed-in user
[debug] [2020-04-04T19:17:00.951Z] [iam] checking project js21days-c1e47 for permissions ["firebase.projects.get"]
[debug] [2020-04-04T19:17:00.958Z] >>> HTTP REQUEST POST https://cloudresourcemanager.googleapis.com/v1/projects/js21days-c1e47:testIamPermissions  
 {"permissions":["firebase.projects.get"]}
[debug] [2020-04-04T19:17:02.434Z] <<< HTTP RESPONSE 200 {"content-type":"application/json; charset=UTF-8","vary":"X-Origin, Referer, Origin,Accept-Encoding","date":"Sat, 04 Apr 2020 19:17:02 GMT","server":"ESF","cache-control":"private","x-xss-protection":"0","x-frame-options":"SAMEORIGIN","x-content-type-options":"nosniff","server-timing":"gfet4t7; dur=1187","alt-svc":"quic=\":443\"; ma=2592000; v=\"46,43\",h3-Q050=\":443\"; ma=2592000,h3-Q049=\":443\"; ma=2592000,h3-Q048=\":443\"; ma=2592000,h3-Q046=\":443\"; ma=2592000,h3-Q043=\":443\"; ma=2592000,h3-T050=\":443\"; ma=2592000","accept-ranges":"none","transfer-encoding":"chunked"}
[debug] [2020-04-04T19:17:02.436Z] >>> HTTP REQUEST GET https://firebase.googleapis.com/v1beta1/projects/js21days-c1e47  
 
[debug] [2020-04-04T19:17:02.833Z] <<< HTTP RESPONSE 200 {"content-type":"application/json; charset=UTF-8","vary":"X-Origin, Referer, Origin,Accept-Encoding","date":"Sat, 04 Apr 2020 19:17:02 GMT","server":"ESF","cache-control":"private","x-xss-protection":"0","x-frame-options":"SAMEORIGIN","x-content-type-options":"nosniff","alt-svc":"quic=\":443\"; ma=2592000; v=\"46,43\",h3-Q050=\":443\"; ma=2592000,h3-Q049=\":443\"; ma=2592000,h3-Q048=\":443\"; ma=2592000,h3-Q046=\":443\"; ma=2592000,h3-Q043=\":443\"; ma=2592000,h3-T050=\":443\"; ma=2592000","accept-ranges":"none","transfer-encoding":"chunked"}
[info] 
[info] === Serving from '/Users/archii/Documents/myproject/JavaScript-21-Days-Challenge'...
[info] 
[debug] [2020-04-04T19:17:02.842Z] >>> HTTP REQUEST GET https://firebase.googleapis.com/v1beta1/projects/js21days-c1e47/webApps/-/config  
 
[debug] [2020-04-04T19:17:03.650Z] <<< HTTP RESPONSE 200 {"content-type":"application/json; charset=UTF-8","vary":"X-Origin, Referer, Origin,Accept-Encoding","date":"Sat, 04 Apr 2020 19:17:03 GMT","server":"ESF","cache-control":"private","x-xss-protection":"0","x-frame-options":"SAMEORIGIN","x-content-type-options":"nosniff","alt-svc":"quic=\":443\"; ma=2592000; v=\"46,43\",h3-Q050=\":443\"; ma=2592000,h3-Q049=\":443\"; ma=2592000,h3-Q048=\":443\"; ma=2592000,h3-Q046=\":443\"; ma=2592000,h3-Q043=\":443\"; ma=2592000,h3-T050=\":443\"; ma=2592000","accept-ranges":"none","transfer-encoding":"chunked"}
[info] i  hosting: Serving hosting files from: public
[info] ✔  hosting: Local server: http://localhost:5000
